2023.12.10 13:09:13.411 [INFO] com.gameapp.GameApplication: Starting GameApplication using Java 1.8.0_382 on MBP-C02F5D42MD6M with PID 13842 (/Users/deepakdhaka/gameapp/GameApp/core-app/target/classes started by deepakdhaka in /Users/deepakdhaka/gameapp/GameApp)
2023.12.10 13:09:13.421 [DEBUG] com.gameapp.GameApplication: Running with Spring Boot v2.7.4, Spring v5.3.23
2023.12.10 13:09:13.423 [INFO] com.gameapp.GameApplication: No active profile set, falling back to 1 default profile: "default"
2023.12.10 13:09:17.345 [INFO] com.gameapp.GameApplication: Started GameApplication in 4.217 seconds (JVM running for 5.043)
2023.12.10 13:09:17.415 [INFO] com.gameapp.colorprediction.CPScheduledTask: Current period: CpPeriod(id=20231007, startTime=1702193861480, endTime=1702193981480, active=true, number=null, color=null, resultDeclaredAt=null, resultDeclaredBy=null, createdAt=1702193861480, updatedAt=1702193861480, settled=null)
2023.12.10 13:09:17.434 [INFO] com.gameapp.colorprediction.CPScheduledTask: No open bets found
2023.12.10 13:09:17.452 [INFO] com.gameapp.colorprediction.CPScheduledTask: Period closed: CpPeriod(id=20231007, startTime=1702193861480, endTime=1702193981480, active=false, number=null, color=null, resultDeclaredAt=1702193957445, resultDeclaredBy=-1, createdAt=1702193861480, updatedAt=1702193957445, settled=null)
2023.12.10 13:09:17.452 [INFO] com.gameapp.colorprediction.CPScheduledTask: Waiting for period to end
2023.12.10 13:09:17.958 [INFO] com.gameapp.colorprediction.CPScheduledTask: Waiting for period to end
2023.12.10 13:09:18.464 [INFO] com.gameapp.colorprediction.CPScheduledTask: Waiting for period to end
2023.12.10 13:09:18.965 [INFO] com.gameapp.colorprediction.CPScheduledTask: Waiting for period to end
2023.12.10 13:09:19.466 [INFO] com.gameapp.colorprediction.CPScheduledTask: Waiting for period to end
2023.12.10 13:09:19.971 [INFO] com.gameapp.colorprediction.CPScheduledTask: Waiting for period to end
2023.12.10 13:09:20.484 [INFO] com.gameapp.colorprediction.CPScheduledTask: Waiting for period to end
2023.12.10 13:09:20.989 [INFO] com.gameapp.colorprediction.CPScheduledTask: Waiting for period to end
2023.12.10 13:09:21.493 [INFO] com.gameapp.colorprediction.CPScheduledTask: Waiting for period to end
2023.12.10 13:09:21.995 [INFO] com.gameapp.colorprediction.CPScheduledTask: Waiting for period to end
2023.12.10 13:09:22.495 [INFO] com.gameapp.colorprediction.CPScheduledTask: Waiting for period to end
2023.12.10 13:09:22.997 [INFO] com.gameapp.colorprediction.CPScheduledTask: Waiting for period to end
2023.12.10 13:09:23.501 [INFO] com.gameapp.colorprediction.CPScheduledTask: Waiting for period to end
2023.12.10 13:09:24.004 [INFO] com.gameapp.colorprediction.CPScheduledTask: Waiting for period to end
2023.12.10 13:09:24.505 [INFO] com.gameapp.colorprediction.CPScheduledTask: Waiting for period to end
2023.12.10 13:09:25.008 [INFO] com.gameapp.colorprediction.CPScheduledTask: Waiting for period to end
2023.12.10 13:09:25.509 [INFO] com.gameapp.colorprediction.CPScheduledTask: Waiting for period to end
2023.12.10 13:09:26.012 [INFO] com.gameapp.colorprediction.CPScheduledTask: Waiting for period to end
2023.12.10 13:09:26.517 [INFO] com.gameapp.colorprediction.CPScheduledTask: Waiting for period to end
2023.12.10 13:09:27.022 [INFO] com.gameapp.colorprediction.CPScheduledTask: Waiting for period to end
2023.12.10 13:09:27.526 [INFO] com.gameapp.colorprediction.CPScheduledTask: Waiting for period to end
2023.12.10 13:09:28.028 [INFO] com.gameapp.colorprediction.CPScheduledTask: Waiting for period to end
2023.12.10 13:09:28.529 [INFO] com.gameapp.colorprediction.CPScheduledTask: Waiting for period to end
2023.12.10 13:09:29.032 [INFO] com.gameapp.colorprediction.CPScheduledTask: Waiting for period to end
2023.12.10 13:09:29.535 [INFO] com.gameapp.colorprediction.CPScheduledTask: Waiting for period to end
2023.12.10 13:09:30.039 [INFO] com.gameapp.colorprediction.CPScheduledTask: Waiting for period to end
2023.12.10 13:09:30.539 [INFO] com.gameapp.colorprediction.CPScheduledTask: Waiting for period to end
2023.12.10 13:09:31.042 [INFO] com.gameapp.colorprediction.CPScheduledTask: Waiting for period to end
2023.12.10 13:09:31.542 [INFO] com.gameapp.colorprediction.CPScheduledTask: Waiting for period to end
2023.12.10 13:09:32.043 [INFO] com.gameapp.colorprediction.CPScheduledTask: Waiting for period to end
2023.12.10 13:09:32.547 [INFO] com.gameapp.colorprediction.CPScheduledTask: Waiting for period to end
2023.12.10 13:09:33.050 [INFO] com.gameapp.colorprediction.CPScheduledTask: Waiting for period to end
2023.12.10 13:09:33.551 [INFO] com.gameapp.colorprediction.CPScheduledTask: Waiting for period to end
2023.12.10 13:09:34.053 [INFO] com.gameapp.colorprediction.CPScheduledTask: Waiting for period to end
2023.12.10 13:09:34.555 [INFO] com.gameapp.colorprediction.CPScheduledTask: Waiting for period to end
2023.12.10 13:09:35.057 [INFO] com.gameapp.colorprediction.CPScheduledTask: Waiting for period to end
2023.12.10 13:09:35.561 [INFO] com.gameapp.colorprediction.CPScheduledTask: Waiting for period to end
2023.12.10 13:09:36.064 [INFO] com.gameapp.colorprediction.CPScheduledTask: Waiting for period to end
2023.12.10 13:09:36.565 [INFO] com.gameapp.colorprediction.CPScheduledTask: Waiting for period to end
2023.12.10 13:09:37.065 [INFO] com.gameapp.colorprediction.CPScheduledTask: Waiting for period to end
2023.12.10 13:09:37.567 [INFO] com.gameapp.colorprediction.CPScheduledTask: Waiting for period to end
2023.12.10 13:09:38.072 [INFO] com.gameapp.colorprediction.CPScheduledTask: Waiting for period to end
2023.12.10 13:09:38.576 [INFO] com.gameapp.colorprediction.CPScheduledTask: Waiting for period to end
2023.12.10 13:09:39.081 [INFO] com.gameapp.colorprediction.CPScheduledTask: Waiting for period to end
2023.12.10 13:09:39.585 [INFO] com.gameapp.colorprediction.CPScheduledTask: Waiting for period to end
2023.12.10 13:09:40.089 [INFO] com.gameapp.colorprediction.CPScheduledTask: Waiting for period to end
2023.12.10 13:09:40.592 [INFO] com.gameapp.colorprediction.CPScheduledTask: Waiting for period to end
2023.12.10 13:09:41.093 [INFO] com.gameapp.colorprediction.CPScheduledTask: Waiting for period to end
2023.12.10 13:09:41.611 [INFO] com.gameapp.colorprediction.CPScheduledTask: New period started: CpPeriod(id=20231008, startTime=1702193981595, endTime=1702194101595, active=true, number=null, color=null, resultDeclaredAt=null, resultDeclaredBy=null, createdAt=1702193981595, updatedAt=1702193981595, settled=null)
2023.12.10 13:11:17.349 [INFO] com.gameapp.colorprediction.CPScheduledTask: Current period: CpPeriod(id=20231008, startTime=1702193981595, endTime=1702194101595, active=true, number=null, color=null, resultDeclaredAt=null, resultDeclaredBy=null, createdAt=1702193981595, updatedAt=1702193981595, settled=null)
2023.12.10 13:11:17.351 [INFO] com.gameapp.colorprediction.CPScheduledTask: No open bets found
2023.12.10 13:11:17.352 [INFO] com.gameapp.colorprediction.CPScheduledTask: Period closed: CpPeriod(id=20231008, startTime=1702193981595, endTime=1702194101595, active=false, number=null, color=null, resultDeclaredAt=1702194077352, resultDeclaredBy=-1, createdAt=1702193981595, updatedAt=1702194077352, settled=null)
2023.12.10 13:11:17.352 [INFO] com.gameapp.colorprediction.CPScheduledTask: Waiting for period to end
2023.12.10 13:11:17.853 [INFO] com.gameapp.colorprediction.CPScheduledTask: Waiting for period to end
2023.12.10 13:11:17.866 [ERROR] com.gameapp.colorprediction.CPScheduledTask: Error while waiting for period to end
java.lang.InterruptedException: sleep interrupted
	at java.lang.Thread.sleep(Native Method) ~[?:1.8.0_382]
	at com.gameapp.colorprediction.CPScheduledTask.run(CPScheduledTask.java:67) ~[classes/:?]
	at com.gameapp.colorprediction.CPScheduledTask$$FastClassBySpringCGLIB$$e716e23d.invoke(<generated>) ~[classes/:?]
	at org.springframework.cglib.proxy.MethodProxy.invoke(MethodProxy.java:218) ~[spring-core-5.3.23.jar:5.3.23]
	at org.springframework.aop.framework.CglibAopProxy$CglibMethodInvocation.invokeJoinpoint(CglibAopProxy.java:793) ~[spring-aop-5.3.23.jar:5.3.23]
	at org.springframework.aop.framework.ReflectiveMethodInvocation.proceed(ReflectiveMethodInvocation.java:163) ~[spring-aop-5.3.23.jar:5.3.23]
	at org.springframework.aop.framework.CglibAopProxy$CglibMethodInvocation.proceed(CglibAopProxy.java:763) ~[spring-aop-5.3.23.jar:5.3.23]
	at org.springframework.transaction.interceptor.TransactionInterceptor$1.proceedWithInvocation(TransactionInterceptor.java:123) ~[spring-tx-5.3.23.jar:5.3.23]
	at org.springframework.transaction.interceptor.TransactionAspectSupport.invokeWithinTransaction(TransactionAspectSupport.java:388) ~[spring-tx-5.3.23.jar:5.3.23]
	at org.springframework.transaction.interceptor.TransactionInterceptor.invoke(TransactionInterceptor.java:119) ~[spring-tx-5.3.23.jar:5.3.23]
	at org.springframework.aop.framework.ReflectiveMethodInvocation.proceed(ReflectiveMethodInvocation.java:186) ~[spring-aop-5.3.23.jar:5.3.23]
	at org.springframework.aop.framework.CglibAopProxy$CglibMethodInvocation.proceed(CglibAopProxy.java:763) ~[spring-aop-5.3.23.jar:5.3.23]
	at org.springframework.aop.framework.CglibAopProxy$DynamicAdvisedInterceptor.intercept(CglibAopProxy.java:708) ~[spring-aop-5.3.23.jar:5.3.23]
	at com.gameapp.colorprediction.CPScheduledTask$$EnhancerBySpringCGLIB$$5d220515.run(<generated>) ~[classes/:?]
	at sun.reflect.NativeMethodAccessorImpl.invoke0(Native Method) ~[?:1.8.0_382]
	at sun.reflect.NativeMethodAccessorImpl.invoke(NativeMethodAccessorImpl.java:62) ~[?:1.8.0_382]
	at sun.reflect.DelegatingMethodAccessorImpl.invoke(DelegatingMethodAccessorImpl.java:43) ~[?:1.8.0_382]
	at java.lang.reflect.Method.invoke(Method.java:498) ~[?:1.8.0_382]
	at org.springframework.scheduling.support.ScheduledMethodRunnable.run(ScheduledMethodRunnable.java:84) ~[spring-context-5.3.23.jar:5.3.23]
	at org.springframework.scheduling.support.DelegatingErrorHandlingRunnable.run(DelegatingErrorHandlingRunnable.java:54) ~[spring-context-5.3.23.jar:5.3.23]
	at java.util.concurrent.Executors$RunnableAdapter.call(Executors.java:511) ~[?:1.8.0_382]
	at java.util.concurrent.FutureTask.runAndReset(FutureTask.java:308) ~[?:1.8.0_382]
	at java.util.concurrent.ScheduledThreadPoolExecutor$ScheduledFutureTask.access$301(ScheduledThreadPoolExecutor.java:180) ~[?:1.8.0_382]
	at java.util.concurrent.ScheduledThreadPoolExecutor$ScheduledFutureTask.run(ScheduledThreadPoolExecutor.java:294) ~[?:1.8.0_382]
	at java.util.concurrent.ThreadPoolExecutor.runWorker(ThreadPoolExecutor.java:1149) ~[?:1.8.0_382]
	at java.util.concurrent.ThreadPoolExecutor$Worker.run(ThreadPoolExecutor.java:624) ~[?:1.8.0_382]
	at java.lang.Thread.run(Thread.java:750) ~[?:1.8.0_382]
2023.12.10 13:11:17.871 [ERROR] com.gameapp.colorprediction.CPScheduledTask: Error while running scheduled task
java.lang.RuntimeException: java.lang.InterruptedException: sleep interrupted
	at com.gameapp.colorprediction.CPScheduledTask.run(CPScheduledTask.java:70) ~[classes/:?]
	at com.gameapp.colorprediction.CPScheduledTask$$FastClassBySpringCGLIB$$e716e23d.invoke(<generated>) ~[classes/:?]
	at org.springframework.cglib.proxy.MethodProxy.invoke(MethodProxy.java:218) ~[spring-core-5.3.23.jar:5.3.23]
	at org.springframework.aop.framework.CglibAopProxy$CglibMethodInvocation.invokeJoinpoint(CglibAopProxy.java:793) ~[spring-aop-5.3.23.jar:5.3.23]
	at org.springframework.aop.framework.ReflectiveMethodInvocation.proceed(ReflectiveMethodInvocation.java:163) ~[spring-aop-5.3.23.jar:5.3.23]
	at org.springframework.aop.framework.CglibAopProxy$CglibMethodInvocation.proceed(CglibAopProxy.java:763) ~[spring-aop-5.3.23.jar:5.3.23]
	at org.springframework.transaction.interceptor.TransactionInterceptor$1.proceedWithInvocation(TransactionInterceptor.java:123) ~[spring-tx-5.3.23.jar:5.3.23]
	at org.springframework.transaction.interceptor.TransactionAspectSupport.invokeWithinTransaction(TransactionAspectSupport.java:388) ~[spring-tx-5.3.23.jar:5.3.23]
	at org.springframework.transaction.interceptor.TransactionInterceptor.invoke(TransactionInterceptor.java:119) ~[spring-tx-5.3.23.jar:5.3.23]
	at org.springframework.aop.framework.ReflectiveMethodInvocation.proceed(ReflectiveMethodInvocation.java:186) ~[spring-aop-5.3.23.jar:5.3.23]
	at org.springframework.aop.framework.CglibAopProxy$CglibMethodInvocation.proceed(CglibAopProxy.java:763) ~[spring-aop-5.3.23.jar:5.3.23]
	at org.springframework.aop.framework.CglibAopProxy$DynamicAdvisedInterceptor.intercept(CglibAopProxy.java:708) ~[spring-aop-5.3.23.jar:5.3.23]
	at com.gameapp.colorprediction.CPScheduledTask$$EnhancerBySpringCGLIB$$5d220515.run(<generated>) ~[classes/:?]
	at sun.reflect.NativeMethodAccessorImpl.invoke0(Native Method) ~[?:1.8.0_382]
	at sun.reflect.NativeMethodAccessorImpl.invoke(NativeMethodAccessorImpl.java:62) ~[?:1.8.0_382]
	at sun.reflect.DelegatingMethodAccessorImpl.invoke(DelegatingMethodAccessorImpl.java:43) ~[?:1.8.0_382]
	at java.lang.reflect.Method.invoke(Method.java:498) ~[?:1.8.0_382]
	at org.springframework.scheduling.support.ScheduledMethodRunnable.run(ScheduledMethodRunnable.java:84) ~[spring-context-5.3.23.jar:5.3.23]
	at org.springframework.scheduling.support.DelegatingErrorHandlingRunnable.run(DelegatingErrorHandlingRunnable.java:54) ~[spring-context-5.3.23.jar:5.3.23]
	at java.util.concurrent.Executors$RunnableAdapter.call(Executors.java:511) ~[?:1.8.0_382]
	at java.util.concurrent.FutureTask.runAndReset(FutureTask.java:308) ~[?:1.8.0_382]
	at java.util.concurrent.ScheduledThreadPoolExecutor$ScheduledFutureTask.access$301(ScheduledThreadPoolExecutor.java:180) ~[?:1.8.0_382]
	at java.util.concurrent.ScheduledThreadPoolExecutor$ScheduledFutureTask.run(ScheduledThreadPoolExecutor.java:294) ~[?:1.8.0_382]
	at java.util.concurrent.ThreadPoolExecutor.runWorker(ThreadPoolExecutor.java:1149) ~[?:1.8.0_382]
	at java.util.concurrent.ThreadPoolExecutor$Worker.run(ThreadPoolExecutor.java:624) ~[?:1.8.0_382]
	at java.lang.Thread.run(Thread.java:750) ~[?:1.8.0_382]
Caused by: java.lang.InterruptedException: sleep interrupted
	at java.lang.Thread.sleep(Native Method) ~[?:1.8.0_382]
	at com.gameapp.colorprediction.CPScheduledTask.run(CPScheduledTask.java:67) ~[classes/:?]
	... 25 more
2023.12.10 13:11:17.872 [INFO] com.gameapp.colorprediction.AlertService: Sending alert for CPAlertContext(betId=null, userId=null, periodId=20231008, message=Error while running scheduled task, error=java.lang.InterruptedException: sleep interrupted)
2023.12.10 13:11:17.876 [WARN] com.zaxxer.hikari.pool.ProxyConnection: HikariPool-1 - Connection com.mysql.cj.jdbc.ConnectionImpl@2ddbafc1 marked as broken because of SQLSTATE(08S01), ErrorCode(0)
com.mysql.cj.jdbc.exceptions.CommunicationsException: Communications link failure

The last packet successfully received from the server was 523 milliseconds ago. The last packet sent successfully to the server was 524 milliseconds ago.
	at com.mysql.cj.jdbc.exceptions.SQLError.createCommunicationsException(SQLError.java:174) ~[mysql-connector-java-8.0.30.jar:8.0.30]
	at com.mysql.cj.jdbc.exceptions.SQLExceptionsMapping.translateException(SQLExceptionsMapping.java:64) ~[mysql-connector-java-8.0.30.jar:8.0.30]
	at com.mysql.cj.jdbc.ConnectionImpl.commit(ConnectionImpl.java:806) ~[mysql-connector-java-8.0.30.jar:8.0.30]
	at com.zaxxer.hikari.pool.ProxyConnection.commit(ProxyConnection.java:387) ~[HikariCP-4.0.3.jar:?]
	at com.zaxxer.hikari.pool.HikariProxyConnection.commit(HikariProxyConnection.java) ~[HikariCP-4.0.3.jar:?]
	at org.hibernate.resource.jdbc.internal.AbstractLogicalConnectionImplementor.commit(AbstractLogicalConnectionImplementor.java:86) ~[hibernate-core-5.6.11.Final.jar:5.6.11.Final]
	at org.hibernate.resource.transaction.backend.jdbc.internal.JdbcResourceLocalTransactionCoordinatorImpl$TransactionDriverControlImpl.commit(JdbcResourceLocalTransactionCoordinatorImpl.java:282) ~[hibernate-core-5.6.11.Final.jar:5.6.11.Final]
	at org.hibernate.engine.transaction.internal.TransactionImpl.commit(TransactionImpl.java:101) ~[hibernate-core-5.6.11.Final.jar:5.6.11.Final]
	at org.springframework.orm.jpa.JpaTransactionManager.doCommit(JpaTransactionManager.java:562) ~[spring-orm-5.3.23.jar:5.3.23]
	at org.springframework.transaction.support.AbstractPlatformTransactionManager.processCommit(AbstractPlatformTransactionManager.java:743) ~[spring-tx-5.3.23.jar:5.3.23]
	at org.springframework.transaction.support.AbstractPlatformTransactionManager.commit(AbstractPlatformTransactionManager.java:711) ~[spring-tx-5.3.23.jar:5.3.23]
	at org.springframework.transaction.interceptor.TransactionAspectSupport.commitTransactionAfterReturning(TransactionAspectSupport.java:654) ~[spring-tx-5.3.23.jar:5.3.23]
	at org.springframework.transaction.interceptor.TransactionAspectSupport.invokeWithinTransaction(TransactionAspectSupport.java:407) ~[spring-tx-5.3.23.jar:5.3.23]
	at org.springframework.transaction.interceptor.TransactionInterceptor.invoke(TransactionInterceptor.java:119) ~[spring-tx-5.3.23.jar:5.3.23]
	at org.springframework.aop.framework.ReflectiveMethodInvocation.proceed(ReflectiveMethodInvocation.java:186) ~[spring-aop-5.3.23.jar:5.3.23]
	at org.springframework.aop.framework.CglibAopProxy$CglibMethodInvocation.proceed(CglibAopProxy.java:763) ~[spring-aop-5.3.23.jar:5.3.23]
	at org.springframework.aop.framework.CglibAopProxy$DynamicAdvisedInterceptor.intercept(CglibAopProxy.java:708) ~[spring-aop-5.3.23.jar:5.3.23]
	at com.gameapp.colorprediction.CPScheduledTask$$EnhancerBySpringCGLIB$$5d220515.run(<generated>) ~[classes/:?]
	at sun.reflect.NativeMethodAccessorImpl.invoke0(Native Method) ~[?:1.8.0_382]
	at sun.reflect.NativeMethodAccessorImpl.invoke(NativeMethodAccessorImpl.java:62) ~[?:1.8.0_382]
	at sun.reflect.DelegatingMethodAccessorImpl.invoke(DelegatingMethodAccessorImpl.java:43) ~[?:1.8.0_382]
	at java.lang.reflect.Method.invoke(Method.java:498) ~[?:1.8.0_382]
	at org.springframework.scheduling.support.ScheduledMethodRunnable.run(ScheduledMethodRunnable.java:84) ~[spring-context-5.3.23.jar:5.3.23]
	at org.springframework.scheduling.support.DelegatingErrorHandlingRunnable.run(DelegatingErrorHandlingRunnable.java:54) ~[spring-context-5.3.23.jar:5.3.23]
	at java.util.concurrent.Executors$RunnableAdapter.call(Executors.java:511) ~[?:1.8.0_382]
	at java.util.concurrent.FutureTask.runAndReset(FutureTask.java:308) ~[?:1.8.0_382]
	at java.util.concurrent.ScheduledThreadPoolExecutor$ScheduledFutureTask.access$301(ScheduledThreadPoolExecutor.java:180) ~[?:1.8.0_382]
	at java.util.concurrent.ScheduledThreadPoolExecutor$ScheduledFutureTask.run(ScheduledThreadPoolExecutor.java:294) ~[?:1.8.0_382]
	at java.util.concurrent.ThreadPoolExecutor.runWorker(ThreadPoolExecutor.java:1149) ~[?:1.8.0_382]
	at java.util.concurrent.ThreadPoolExecutor$Worker.run(ThreadPoolExecutor.java:624) ~[?:1.8.0_382]
	at java.lang.Thread.run(Thread.java:750) ~[?:1.8.0_382]
Caused by: com.mysql.cj.exceptions.CJCommunicationsException: Communications link failure

The last packet successfully received from the server was 523 milliseconds ago. The last packet sent successfully to the server was 524 milliseconds ago.
	at sun.reflect.NativeConstructorAccessorImpl.newInstance0(Native Method) ~[?:1.8.0_382]
	at sun.reflect.NativeConstructorAccessorImpl.newInstance(NativeConstructorAccessorImpl.java:62) ~[?:1.8.0_382]
	at sun.reflect.DelegatingConstructorAccessorImpl.newInstance(DelegatingConstructorAccessorImpl.java:45) ~[?:1.8.0_382]
	at java.lang.reflect.Constructor.newInstance(Constructor.java:423) ~[?:1.8.0_382]
	at com.mysql.cj.exceptions.ExceptionFactory.createException(ExceptionFactory.java:61) ~[mysql-connector-java-8.0.30.jar:8.0.30]
	at com.mysql.cj.exceptions.ExceptionFactory.createException(ExceptionFactory.java:105) ~[mysql-connector-java-8.0.30.jar:8.0.30]
	at com.mysql.cj.exceptions.ExceptionFactory.createException(ExceptionFactory.java:151) ~[mysql-connector-java-8.0.30.jar:8.0.30]
	at com.mysql.cj.exceptions.ExceptionFactory.createCommunicationsException(ExceptionFactory.java:167) ~[mysql-connector-java-8.0.30.jar:8.0.30]
	at com.mysql.cj.protocol.a.NativeProtocol.send(NativeProtocol.java:628) ~[mysql-connector-java-8.0.30.jar:8.0.30]
	at com.mysql.cj.protocol.a.NativeProtocol.sendCommand(NativeProtocol.java:683) ~[mysql-connector-java-8.0.30.jar:8.0.30]
	at com.mysql.cj.protocol.a.NativeProtocol.sendQueryPacket(NativeProtocol.java:1051) ~[mysql-connector-java-8.0.30.jar:8.0.30]
	at com.mysql.cj.protocol.a.NativeProtocol.sendQueryString(NativeProtocol.java:997) ~[mysql-connector-java-8.0.30.jar:8.0.30]
	at com.mysql.cj.NativeSession.execSQL(NativeSession.java:663) ~[mysql-connector-java-8.0.30.jar:8.0.30]
	at com.mysql.cj.jdbc.ConnectionImpl.commit(ConnectionImpl.java:794) ~[mysql-connector-java-8.0.30.jar:8.0.30]
	... 28 more
Caused by: java.net.SocketException: Connection or outbound has closed
	at sun.security.ssl.SSLSocketImpl$AppOutputStream.write(SSLSocketImpl.java:1190) ~[?:1.8.0_382]
	at java.io.BufferedOutputStream.flushBuffer(BufferedOutputStream.java:82) ~[?:1.8.0_382]
	at java.io.BufferedOutputStream.flush(BufferedOutputStream.java:140) ~[?:1.8.0_382]
	at com.mysql.cj.protocol.a.SimplePacketSender.send(SimplePacketSender.java:55) ~[mysql-connector-java-8.0.30.jar:8.0.30]
	at com.mysql.cj.protocol.a.TimeTrackingPacketSender.send(TimeTrackingPacketSender.java:50) ~[mysql-connector-java-8.0.30.jar:8.0.30]
	at com.mysql.cj.protocol.a.NativeProtocol.send(NativeProtocol.java:619) ~[mysql-connector-java-8.0.30.jar:8.0.30]
	at com.mysql.cj.protocol.a.NativeProtocol.sendCommand(NativeProtocol.java:683) ~[mysql-connector-java-8.0.30.jar:8.0.30]
	at com.mysql.cj.protocol.a.NativeProtocol.sendQueryPacket(NativeProtocol.java:1051) ~[mysql-connector-java-8.0.30.jar:8.0.30]
	at com.mysql.cj.protocol.a.NativeProtocol.sendQueryString(NativeProtocol.java:997) ~[mysql-connector-java-8.0.30.jar:8.0.30]
	at com.mysql.cj.NativeSession.execSQL(NativeSession.java:663) ~[mysql-connector-java-8.0.30.jar:8.0.30]
	at com.mysql.cj.jdbc.ConnectionImpl.commit(ConnectionImpl.java:794) ~[mysql-connector-java-8.0.30.jar:8.0.30]
	... 28 more
2023.12.10 13:11:17.885 [ERROR] org.springframework.scheduling.support.TaskUtils$LoggingErrorHandler: Unexpected error occurred in scheduled task
org.springframework.orm.jpa.JpaSystemException: Unable to commit against JDBC Connection; nested exception is org.hibernate.TransactionException: Unable to commit against JDBC Connection
	at org.springframework.orm.jpa.vendor.HibernateJpaDialect.convertHibernateAccessException(HibernateJpaDialect.java:331) ~[spring-orm-5.3.23.jar:5.3.23]
	at org.springframework.orm.jpa.vendor.HibernateJpaDialect.translateExceptionIfPossible(HibernateJpaDialect.java:233) ~[spring-orm-5.3.23.jar:5.3.23]
	at org.springframework.orm.jpa.JpaTransactionManager.doCommit(JpaTransactionManager.java:566) ~[spring-orm-5.3.23.jar:5.3.23]
	at org.springframework.transaction.support.AbstractPlatformTransactionManager.processCommit(AbstractPlatformTransactionManager.java:743) ~[spring-tx-5.3.23.jar:5.3.23]
	at org.springframework.transaction.support.AbstractPlatformTransactionManager.commit(AbstractPlatformTransactionManager.java:711) ~[spring-tx-5.3.23.jar:5.3.23]
	at org.springframework.transaction.interceptor.TransactionAspectSupport.commitTransactionAfterReturning(TransactionAspectSupport.java:654) ~[spring-tx-5.3.23.jar:5.3.23]
	at org.springframework.transaction.interceptor.TransactionAspectSupport.invokeWithinTransaction(TransactionAspectSupport.java:407) ~[spring-tx-5.3.23.jar:5.3.23]
	at org.springframework.transaction.interceptor.TransactionInterceptor.invoke(TransactionInterceptor.java:119) ~[spring-tx-5.3.23.jar:5.3.23]
	at org.springframework.aop.framework.ReflectiveMethodInvocation.proceed(ReflectiveMethodInvocation.java:186) ~[spring-aop-5.3.23.jar:5.3.23]
	at org.springframework.aop.framework.CglibAopProxy$CglibMethodInvocation.proceed(CglibAopProxy.java:763) ~[spring-aop-5.3.23.jar:5.3.23]
	at org.springframework.aop.framework.CglibAopProxy$DynamicAdvisedInterceptor.intercept(CglibAopProxy.java:708) ~[spring-aop-5.3.23.jar:5.3.23]
	at com.gameapp.colorprediction.CPScheduledTask$$EnhancerBySpringCGLIB$$5d220515.run(<generated>) ~[classes/:?]
	at sun.reflect.NativeMethodAccessorImpl.invoke0(Native Method) ~[?:1.8.0_382]
	at sun.reflect.NativeMethodAccessorImpl.invoke(NativeMethodAccessorImpl.java:62) ~[?:1.8.0_382]
	at sun.reflect.DelegatingMethodAccessorImpl.invoke(DelegatingMethodAccessorImpl.java:43) ~[?:1.8.0_382]
	at java.lang.reflect.Method.invoke(Method.java:498) ~[?:1.8.0_382]
	at org.springframework.scheduling.support.ScheduledMethodRunnable.run(ScheduledMethodRunnable.java:84) ~[spring-context-5.3.23.jar:5.3.23]
	at org.springframework.scheduling.support.DelegatingErrorHandlingRunnable.run(DelegatingErrorHandlingRunnable.java:54) ~[spring-context-5.3.23.jar:5.3.23]
	at java.util.concurrent.Executors$RunnableAdapter.call(Executors.java:511) ~[?:1.8.0_382]
	at java.util.concurrent.FutureTask.runAndReset(FutureTask.java:308) ~[?:1.8.0_382]
	at java.util.concurrent.ScheduledThreadPoolExecutor$ScheduledFutureTask.access$301(ScheduledThreadPoolExecutor.java:180) ~[?:1.8.0_382]
	at java.util.concurrent.ScheduledThreadPoolExecutor$ScheduledFutureTask.run(ScheduledThreadPoolExecutor.java:294) ~[?:1.8.0_382]
	at java.util.concurrent.ThreadPoolExecutor.runWorker(ThreadPoolExecutor.java:1149) ~[?:1.8.0_382]
	at java.util.concurrent.ThreadPoolExecutor$Worker.run(ThreadPoolExecutor.java:624) ~[?:1.8.0_382]
	at java.lang.Thread.run(Thread.java:750) ~[?:1.8.0_382]
Caused by: org.hibernate.TransactionException: Unable to commit against JDBC Connection
	at org.hibernate.resource.jdbc.internal.AbstractLogicalConnectionImplementor.commit(AbstractLogicalConnectionImplementor.java:92) ~[hibernate-core-5.6.11.Final.jar:5.6.11.Final]
	at org.hibernate.resource.transaction.backend.jdbc.internal.JdbcResourceLocalTransactionCoordinatorImpl$TransactionDriverControlImpl.commit(JdbcResourceLocalTransactionCoordinatorImpl.java:282) ~[hibernate-core-5.6.11.Final.jar:5.6.11.Final]
	at org.hibernate.engine.transaction.internal.TransactionImpl.commit(TransactionImpl.java:101) ~[hibernate-core-5.6.11.Final.jar:5.6.11.Final]
	at org.springframework.orm.jpa.JpaTransactionManager.doCommit(JpaTransactionManager.java:562) ~[spring-orm-5.3.23.jar:5.3.23]
	... 22 more
Caused by: com.mysql.cj.jdbc.exceptions.CommunicationsException: Communications link failure

The last packet successfully received from the server was 523 milliseconds ago. The last packet sent successfully to the server was 524 milliseconds ago.
	at com.mysql.cj.jdbc.exceptions.SQLError.createCommunicationsException(SQLError.java:174) ~[mysql-connector-java-8.0.30.jar:8.0.30]
	at com.mysql.cj.jdbc.exceptions.SQLExceptionsMapping.translateException(SQLExceptionsMapping.java:64) ~[mysql-connector-java-8.0.30.jar:8.0.30]
	at com.mysql.cj.jdbc.ConnectionImpl.commit(ConnectionImpl.java:806) ~[mysql-connector-java-8.0.30.jar:8.0.30]
	at com.zaxxer.hikari.pool.ProxyConnection.commit(ProxyConnection.java:387) ~[HikariCP-4.0.3.jar:?]
	at com.zaxxer.hikari.pool.HikariProxyConnection.commit(HikariProxyConnection.java) ~[HikariCP-4.0.3.jar:?]
	at org.hibernate.resource.jdbc.internal.AbstractLogicalConnectionImplementor.commit(AbstractLogicalConnectionImplementor.java:86) ~[hibernate-core-5.6.11.Final.jar:5.6.11.Final]
	at org.hibernate.resource.transaction.backend.jdbc.internal.JdbcResourceLocalTransactionCoordinatorImpl$TransactionDriverControlImpl.commit(JdbcResourceLocalTransactionCoordinatorImpl.java:282) ~[hibernate-core-5.6.11.Final.jar:5.6.11.Final]
	at org.hibernate.engine.transaction.internal.TransactionImpl.commit(TransactionImpl.java:101) ~[hibernate-core-5.6.11.Final.jar:5.6.11.Final]
	at org.springframework.orm.jpa.JpaTransactionManager.doCommit(JpaTransactionManager.java:562) ~[spring-orm-5.3.23.jar:5.3.23]
	... 22 more
Caused by: com.mysql.cj.exceptions.CJCommunicationsException: Communications link failure

The last packet successfully received from the server was 523 milliseconds ago. The last packet sent successfully to the server was 524 milliseconds ago.
	at sun.reflect.NativeConstructorAccessorImpl.newInstance0(Native Method) ~[?:1.8.0_382]
	at sun.reflect.NativeConstructorAccessorImpl.newInstance(NativeConstructorAccessorImpl.java:62) ~[?:1.8.0_382]
	at sun.reflect.DelegatingConstructorAccessorImpl.newInstance(DelegatingConstructorAccessorImpl.java:45) ~[?:1.8.0_382]
	at java.lang.reflect.Constructor.newInstance(Constructor.java:423) ~[?:1.8.0_382]
	at com.mysql.cj.exceptions.ExceptionFactory.createException(ExceptionFactory.java:61) ~[mysql-connector-java-8.0.30.jar:8.0.30]
	at com.mysql.cj.exceptions.ExceptionFactory.createException(ExceptionFactory.java:105) ~[mysql-connector-java-8.0.30.jar:8.0.30]
	at com.mysql.cj.exceptions.ExceptionFactory.createException(ExceptionFactory.java:151) ~[mysql-connector-java-8.0.30.jar:8.0.30]
	at com.mysql.cj.exceptions.ExceptionFactory.createCommunicationsException(ExceptionFactory.java:167) ~[mysql-connector-java-8.0.30.jar:8.0.30]
	at com.mysql.cj.protocol.a.NativeProtocol.send(NativeProtocol.java:628) ~[mysql-connector-java-8.0.30.jar:8.0.30]
	at com.mysql.cj.protocol.a.NativeProtocol.sendCommand(NativeProtocol.java:683) ~[mysql-connector-java-8.0.30.jar:8.0.30]
	at com.mysql.cj.protocol.a.NativeProtocol.sendQueryPacket(NativeProtocol.java:1051) ~[mysql-connector-java-8.0.30.jar:8.0.30]
	at com.mysql.cj.protocol.a.NativeProtocol.sendQueryString(NativeProtocol.java:997) ~[mysql-connector-java-8.0.30.jar:8.0.30]
	at com.mysql.cj.NativeSession.execSQL(NativeSession.java:663) ~[mysql-connector-java-8.0.30.jar:8.0.30]
	at com.mysql.cj.jdbc.ConnectionImpl.commit(ConnectionImpl.java:794) ~[mysql-connector-java-8.0.30.jar:8.0.30]
	at com.zaxxer.hikari.pool.ProxyConnection.commit(ProxyConnection.java:387) ~[HikariCP-4.0.3.jar:?]
	at com.zaxxer.hikari.pool.HikariProxyConnection.commit(HikariProxyConnection.java) ~[HikariCP-4.0.3.jar:?]
	at org.hibernate.resource.jdbc.internal.AbstractLogicalConnectionImplementor.commit(AbstractLogicalConnectionImplementor.java:86) ~[hibernate-core-5.6.11.Final.jar:5.6.11.Final]
	at org.hibernate.resource.transaction.backend.jdbc.internal.JdbcResourceLocalTransactionCoordinatorImpl$TransactionDriverControlImpl.commit(JdbcResourceLocalTransactionCoordinatorImpl.java:282) ~[hibernate-core-5.6.11.Final.jar:5.6.11.Final]
	at org.hibernate.engine.transaction.internal.TransactionImpl.commit(TransactionImpl.java:101) ~[hibernate-core-5.6.11.Final.jar:5.6.11.Final]
	at org.springframework.orm.jpa.JpaTransactionManager.doCommit(JpaTransactionManager.java:562) ~[spring-orm-5.3.23.jar:5.3.23]
	... 22 more
Caused by: java.net.SocketException: Connection or outbound has closed
	at sun.security.ssl.SSLSocketImpl$AppOutputStream.write(SSLSocketImpl.java:1190) ~[?:1.8.0_382]
	at java.io.BufferedOutputStream.flushBuffer(BufferedOutputStream.java:82) ~[?:1.8.0_382]
	at java.io.BufferedOutputStream.flush(BufferedOutputStream.java:140) ~[?:1.8.0_382]
	at com.mysql.cj.protocol.a.SimplePacketSender.send(SimplePacketSender.java:55) ~[mysql-connector-java-8.0.30.jar:8.0.30]
	at com.mysql.cj.protocol.a.TimeTrackingPacketSender.send(TimeTrackingPacketSender.java:50) ~[mysql-connector-java-8.0.30.jar:8.0.30]
	at com.mysql.cj.protocol.a.NativeProtocol.send(NativeProtocol.java:619) ~[mysql-connector-java-8.0.30.jar:8.0.30]
	at com.mysql.cj.protocol.a.NativeProtocol.sendCommand(NativeProtocol.java:683) ~[mysql-connector-java-8.0.30.jar:8.0.30]
	at com.mysql.cj.protocol.a.NativeProtocol.sendQueryPacket(NativeProtocol.java:1051) ~[mysql-connector-java-8.0.30.jar:8.0.30]
	at com.mysql.cj.protocol.a.NativeProtocol.sendQueryString(NativeProtocol.java:997) ~[mysql-connector-java-8.0.30.jar:8.0.30]
	at com.mysql.cj.NativeSession.execSQL(NativeSession.java:663) ~[mysql-connector-java-8.0.30.jar:8.0.30]
	at com.mysql.cj.jdbc.ConnectionImpl.commit(ConnectionImpl.java:794) ~[mysql-connector-java-8.0.30.jar:8.0.30]
	at com.zaxxer.hikari.pool.ProxyConnection.commit(ProxyConnection.java:387) ~[HikariCP-4.0.3.jar:?]
	at com.zaxxer.hikari.pool.HikariProxyConnection.commit(HikariProxyConnection.java) ~[HikariCP-4.0.3.jar:?]
	at org.hibernate.resource.jdbc.internal.AbstractLogicalConnectionImplementor.commit(AbstractLogicalConnectionImplementor.java:86) ~[hibernate-core-5.6.11.Final.jar:5.6.11.Final]
	at org.hibernate.resource.transaction.backend.jdbc.internal.JdbcResourceLocalTransactionCoordinatorImpl$TransactionDriverControlImpl.commit(JdbcResourceLocalTransactionCoordinatorImpl.java:282) ~[hibernate-core-5.6.11.Final.jar:5.6.11.Final]
	at org.hibernate.engine.transaction.internal.TransactionImpl.commit(TransactionImpl.java:101) ~[hibernate-core-5.6.11.Final.jar:5.6.11.Final]
	at org.springframework.orm.jpa.JpaTransactionManager.doCommit(JpaTransactionManager.java:562) ~[spring-orm-5.3.23.jar:5.3.23]
	... 22 more
